C:\USERS\ALEX\DOCUMENTS\COLLEGE\SPRING 2013\CPTS223\ALEX_BAHM_PROG4\DEBUG\PA4_2.EXE
C:\USERS\ALEX\DOCUMENTS\COLLEGE\SPRING 2013\CPTS223\ALEX_BAHM_PROG4\DEBUG\PA4_2.ILK
C:\USERS\ALEX\DOCUMENTS\COLLEGE\SPRING 2013\CPTS223\ALEX_BAHM_PROG4\DEBUG\PA4_2.PDB
C:\Users\Alex\Documents\College\Spring 2013\CptS223\Alex_Bahm_prog4\PA4_2\Debug\cl.command.1.tlog
C:\Users\Alex\Documents\College\Spring 2013\CptS223\Alex_Bahm_prog4\PA4_2\Debug\CL.read.1.tlog
C:\Users\Alex\Documents\College\Spring 2013\CptS223\Alex_Bahm_prog4\PA4_2\Debug\CL.write.1.tlog
C:\USERS\ALEX\DOCUMENTS\COLLEGE\SPRING 2013\CPTS223\ALEX_BAHM_PROG4\PA4_2\DEBUG\DISJOINTSETS.OBJ
C:\Users\Alex\Documents\College\Spring 2013\CptS223\Alex_Bahm_prog4\PA4_2\Debug\link.11488.read.1.tlog
C:\Users\Alex\Documents\College\Spring 2013\CptS223\Alex_Bahm_prog4\PA4_2\Debug\link.11488.write.1.tlog
C:\Users\Alex\Documents\College\Spring 2013\CptS223\Alex_Bahm_prog4\PA4_2\Debug\link.11488-cvtres.read.1.tlog
C:\Users\Alex\Documents\College\Spring 2013\CptS223\Alex_Bahm_prog4\PA4_2\Debug\link.11488-cvtres.write.1.tlog
C:\Users\Alex\Documents\College\Spring 2013\CptS223\Alex_Bahm_prog4\PA4_2\Debug\link.command.1.tlog
C:\Users\Alex\Documents\College\Spring 2013\CptS223\Alex_Bahm_prog4\PA4_2\Debug\link.read.1.tlog
C:\Users\Alex\Documents\College\Spring 2013\CptS223\Alex_Bahm_prog4\PA4_2\Debug\link.write.1.tlog
C:\Users\Alex\Documents\College\Spring 2013\CptS223\Alex_Bahm_prog4\PA4_2\Debug\link-cvtres.read.1.tlog
C:\Users\Alex\Documents\College\Spring 2013\CptS223\Alex_Bahm_prog4\PA4_2\Debug\link-cvtres.write.1.tlog
C:\USERS\ALEX\DOCUMENTS\COLLEGE\SPRING 2013\CPTS223\ALEX_BAHM_PROG4\PA4_2\DEBUG\MAIN.OBJ
C:\USERS\ALEX\DOCUMENTS\COLLEGE\SPRING 2013\CPTS223\ALEX_BAHM_PROG4\PA4_2\DEBUG\MAZE.OBJ
C:\USERS\ALEX\DOCUMENTS\COLLEGE\SPRING 2013\CPTS223\ALEX_BAHM_PROG4\PA4_2\DEBUG\MAZEFUNCS.OBJ
C:\USERS\ALEX\DOCUMENTS\COLLEGE\SPRING 2013\CPTS223\ALEX_BAHM_PROG4\PA4_2\DEBUG\MAZENODE.OBJ
C:\Users\Alex\Documents\College\Spring 2013\CptS223\Alex_Bahm_prog4\PA4_2\Debug\mt.command.1.tlog
C:\Users\Alex\Documents\College\Spring 2013\CptS223\Alex_Bahm_prog4\PA4_2\Debug\mt.read.1.tlog
C:\Users\Alex\Documents\College\Spring 2013\CptS223\Alex_Bahm_prog4\PA4_2\Debug\mt.write.1.tlog
C:\USERS\ALEX\DOCUMENTS\COLLEGE\SPRING 2013\CPTS223\ALEX_BAHM_PROG4\PA4_2\DEBUG\PA4_2.EXE.EMBED.MANIFEST
C:\USERS\ALEX\DOCUMENTS\COLLEGE\SPRING 2013\CPTS223\ALEX_BAHM_PROG4\PA4_2\DEBUG\PA4_2.EXE.EMBED.MANIFEST.RES
C:\USERS\ALEX\DOCUMENTS\COLLEGE\SPRING 2013\CPTS223\ALEX_BAHM_PROG4\PA4_2\DEBUG\PA4_2.EXE.INTERMEDIATE.MANIFEST
C:\Users\Alex\Documents\College\Spring 2013\CptS223\Alex_Bahm_prog4\PA4_2\Debug\PA4_2.vcxprojResolveAssemblyReference.cache
C:\Users\Alex\Documents\College\Spring 2013\CptS223\Alex_Bahm_prog4\PA4_2\Debug\PA4_2.write.1.tlog
C:\Users\Alex\Documents\College\Spring 2013\CptS223\Alex_Bahm_prog4\PA4_2\Debug\PA4_2_manifest.rc
C:\Users\Alex\Documents\College\Spring 2013\CptS223\Alex_Bahm_prog4\PA4_2\Debug\rc.command.1.tlog
C:\Users\Alex\Documents\College\Spring 2013\CptS223\Alex_Bahm_prog4\PA4_2\Debug\rc.read.1.tlog
C:\Users\Alex\Documents\College\Spring 2013\CptS223\Alex_Bahm_prog4\PA4_2\Debug\rc.write.1.tlog
C:\Users\Alex\Documents\College\Spring 2013\CptS223\Alex_Bahm_prog4\PA4_2\Debug\vc100.idb
C:\USERS\ALEX\DOCUMENTS\COLLEGE\SPRING 2013\CPTS223\ALEX_BAHM_PROG4\PA4_2\DEBUG\VC100.PDB
